<?xml version="1.0" encoding="UTF-8"?>
<!-- Generated by org.testng.reporters.JUnitXMLReporter -->
<testsuite ignored="2" hostname="piyushj-ltmgm26.internal.salesforce.com" failures="0" tests="4" name="Personal Loan" time="0.02" errors="0" timestamp="2024-02-04T19:08:59 IST">
  <testcase classname="test.day1" name="demo" time="0.003"/>
  <testcase classname="test.day1" name="secondTest" time="0.0"/>
  <testcase classname="test.day2" name="ploan" time="0.001"/>
  <testcase classname="test.day4" name="apiLoginHomeLoan" time="0.0"/>
  <testcase classname="test.day4" name="mobileLoginHomeLoan" time="0.0">
    <ignored/>
  </testcase> <!-- mobileLoginHomeLoan -->
  <testcase classname="test.day4" name="webLoginHomeLoan" time="0.0">
    <ignored/>
  </testcase> <!-- webLoginHomeLoan -->
</testsuite> <!-- Personal Loan -->
