<?xml version="1.0" encoding="UTF-8"?>
<!-- Generated by org.testng.reporters.JUnitXMLReporter -->
<testsuite ignored="2" hostname="piyushj-ltmgm26.internal.salesforce.com" failures="0" tests="7" name="Car Loan" time="0.011" errors="0" timestamp="2024-02-04T19:09:00 IST">
  <testcase classname="test.day3" name="mobileForgotCarLoan" time="0.002"/>
  <testcase classname="test.day3" name="mobileLogoutCarLoan" time="0.0"/>
  <testcase classname="test.day3" name="webForgotCarLoan" time="0.001"/>
  <testcase classname="test.day3" name="webLoginCarLoan" time="0.0"/>
  <testcase classname="test.day3" name="webLogoutCarLoan" time="0.0"/>
  <testcase classname="test.day3" name="webLogoutCarLoan" time="0.0"/>
  <testcase classname="test.day3" name="webLogoutCarLoan" time="0.001"/>
  <testcase classname="test.day3" name="mobileLoginCarLoan" time="0.0">
    <ignored/>
  </testcase> <!-- mobileLoginCarLoan -->
  <testcase classname="test.day3" name="apiLoginCarLoan" time="0.0">
    <ignored/>
  </testcase> <!-- apiLoginCarLoan -->
</testsuite> <!-- Car Loan -->
